<?xml version="1.0" encoding="UTF-8"?>
<!-- Generated by org.testng.reporters.JUnitXMLReporter -->
<testsuite ignored="6" hostname="DESKTOP-39QPHT9" failures="0" tests="1" name="Default test" time="45.44" errors="0" timestamp="2023-03-22T15:16:32 IST">
  <testcase classname="Testcase.TestCases" name="signUpTC_002" time="33.028"/>
  <testcase classname="Testcase.TestCases" name="URLvalidateTC_001" time="0.0">
    <ignored/>
  </testcase> <!-- URLvalidateTC_001 -->
  <testcase classname="Testcase.TestCases" name="shopByDepartTC_007" time="0.0">
    <ignored/>
  </testcase> <!-- shopByDepartTC_007 -->
  <testcase classname="Testcase.TestCases" name="navigationAndtitleCheckInTC_004" time="0.0">
    <ignored/>
  </testcase> <!-- navigationAndtitleCheckInTC_004 -->
  <testcase classname="Testcase.TestCases" name="signInTC_003" time="0.0">
    <ignored/>
  </testcase> <!-- signInTC_003 -->
  <testcase classname="Testcase.TestCases" name="SearchAndaddshoppingTC_006" time="0.0">
    <ignored/>
  </testcase> <!-- SearchAndaddshoppingTC_006 -->
  <testcase classname="Testcase.TestCases" name="footerLInksTC_005" time="0.0">
    <ignored/>
  </testcase> <!-- footerLInksTC_005 -->
</testsuite> <!-- Default test -->
